--------------- Build Started: 01/24/2017 11:05:15 Project: firmware, Configuration: DP8051 Keil 9.51 Release ---------------
The code generation step is up to date.
c51.exe .\command_processing.c NOIV LARGE MODDP2 OMF2 VB(1) NOIP "INCDIR(., Generated_Source\PSoC3)" FF(3) DB DF(NDEBUG) WL(2) PR(.\DP8051_Keil_951\Release/command_processing.lst) CD OT(11 ,Speed) OJ(.\DP8051_Keil_951\Release\command_processing.obj)
*** MESSAGE C286 IN LINE 0 OF (null): license limits optimization to level 5
LIBX51.exe TRANSFER '.\DP8051_Keil_951\Release\cyfitter_cfg.obj', '.\DP8051_Keil_951\Release\UART_RS485.obj', '.\DP8051_Keil_951\Release\UART_RS485_PM.obj', '.\DP8051_Keil_951\Release\UART_RS485_INT.obj', '.\DP8051_Keil_951\Release\UART_RS485_BOOT.obj', '.\DP8051_Keil_951\Release\RS_485_EN.obj', '.\DP8051_Keil_951\Release\ISR_RS485_RX.obj', '.\DP8051_Keil_951\Release\PACER_TIMER.obj', '.\DP8051_Keil_951\Release\PACER_TIMER_PM.obj', '.\DP8051_Keil_951\Release\CLOCK_UART.obj', '.\DP8051_Keil_951\Release\EEPROM.obj', '.\DP8051_Keil_951\Release\USB_VDD.obj', '.\DP8051_Keil_951\Release\FTDI_ENABLE.obj', '.\DP8051_Keil_951\Release\RS485_CTS.obj', '.\DP8051_Keil_951\Release\RS485_CTS_PM.obj', '.\DP8051_Keil_951\Release\Bootloadable.obj', '.\DP8051_Keil_951\Release\FTDI_ENABLE_REG.obj', '.\DP8051_Keil_951\Release\FTDI_ENABLE_REG_PM.obj', '.\DP8051_Keil_951\Release\RESET_FF.obj', '.\DP8051_Keil_951\Release\RESET_FF_PM.obj', '.\DP8051_Keil_951\Release\FF_STATUS.obj', '.\DP8051_Keil_951\Release\MY_TIMER.obj', '.\DP8051_Keil_951\Release\MY_TIMER_PM.obj', '.\DP8051_Keil_951\Release\timer_clock.obj', '.\DP8051_Keil_951\Release\CyBootAsmKeil.obj', '.\DP8051_Keil_951\Release\CyDmac.obj', '.\DP8051_Keil_951\Release\CyFlash.obj', '.\DP8051_Keil_951\Release\CyLib.obj', '.\DP8051_Keil_951\Release\cymem.obj', '.\DP8051_Keil_951\Release\cyPm.obj', '.\DP8051_Keil_951\Release\CySpc.obj', '.\DP8051_Keil_951\Release\cyutils.obj', '.\DP8051_Keil_951\Release\KeilStart.obj', '.\DP8051_Keil_951\Release\WATCHDOG_CLK.obj', '.\DP8051_Keil_951\Release\ISR_WATCHDOG.obj', '.\DP8051_Keil_951\Release\WATCHDOG_COUNTER.obj', '.\DP8051_Keil_951\Release\WATCHDOG_COUNTER_PM.obj', '.\DP8051_Keil_951\Release\WATCHDOG_ENABLER.obj', '.\DP8051_Keil_951\Release\WATCHDOG_ENABLER_PM.obj', '.\DP8051_Keil_951\Release\WATCHDOG_REFRESH.obj', '.\DP8051_Keil_951\Release\WATCHDOG_REFRESH_PM.obj', '.\DP8051_Keil_951\Release\SPI_IMU.obj', '.\DP8051_Keil_951\Release\SPI_IMU_PM.obj', '.\DP8051_Keil_951\Release\SPI_IMU_INT.obj', '.\DP8051_Keil_951\Release\MISO.obj', '.\DP8051_Keil_951\Release\MOSI.obj', '.\DP8051_Keil_951\Release\SCLK.obj', '.\DP8051_Keil_951\Release\CS01.obj', '.\DP8051_Keil_951\Release\CS02.obj', '.\DP8051_Keil_951\Release\CS03.obj', '.\DP8051_Keil_951\Release\CS04.obj', '.\DP8051_Keil_951\Release\CS05.obj', '.\DP8051_Keil_951\Release\CS06.obj', '.\DP8051_Keil_951\Release\CS07.obj', '.\DP8051_Keil_951\Release\CS08.obj', '.\DP8051_Keil_951\Release\CS09.obj', '.\DP8051_Keil_951\Release\CS10.obj', '.\DP8051_Keil_951\Release\CS11.obj', '.\DP8051_Keil_951\Release\CS12.obj', '.\DP8051_Keil_951\Release\CS13.obj', '.\DP8051_Keil_951\Release\CS14.obj', '.\DP8051_Keil_951\Release\CS15.obj', '.\DP8051_Keil_951\Release\CS16.obj', '.\DP8051_Keil_951\Release\CS00.obj', '.\DP8051_Keil_951\Release\isr_clock.obj', '.\DP8051_Keil_951\Release\isr_imu.obj', '.\DP8051_Keil_951\Release\Opto_Pin.obj', '.\DP8051_Keil_951\Release\SPI_IMU_IntClock.obj', '.\DP8051_Keil_951\Release\Chip_Select_A.obj', '.\DP8051_Keil_951\Release\Chip_Select_A_PM.obj', '.\DP8051_Keil_951\Release\Chip_Select_B.obj', '.\DP8051_Keil_951\Release\Chip_Select_B_PM.obj' TO '.\DP8051_Keil_951\Release\firmware.lib'
LX51.exe '.\DP8051_Keil_951\Release\command_processing.obj', '.\DP8051_Keil_951\Release\globals.obj', '.\DP8051_Keil_951\Release\interruptions.obj', '.\DP8051_Keil_951\Release\main.obj', '.\DP8051_Keil_951\Release\utils.obj', '.\DP8051_Keil_951\Release\IMU_functions.obj', '.\DP8051_Keil_951\Release\firmware.lib', 'C:\Program Files (x86)\Cypress\PSoC Creator\3.3\PSoC Creator\psoc\content\cycomponentlibrary\CyComponentLibrary.cylib\DP8051\DP8051_Keil_951\Release\CyComponentLibrary.lib' TO '.\DP8051_Keil_951\Release\firmware.omf' CODE RU RC(10) DW(16) WL(2) PR(.\DP8051_Keil_951\Release/firmware.map) IX CL(XDATA(X:0x0000-X:0x1FFF)) CL(CODE(C:0x2600-C:0xFFBF)) CL(CONST(C:0x2600-C:0xFFBF))
*** WARNING L15: MULTIPLE CALL TO FUNCTION
    NAME:    _CHIPSELECTOR/IMU_FUNCTIONS
    CALLER1: ?C_C51STARTUP
    CALLER2: ISR_IMU_INTERRUPT/ISR_IMU
*** WARNING L15: MULTIPLE CALL TO FUNCTION
    NAME:    _READIMU/IMU_FUNCTIONS
    CALLER1: ?C_C51STARTUP
    CALLER2: ISR_IMU_INTERRUPT/ISR_IMU
*** WARNING L15: MULTIPLE CALL TO FUNCTION
    NAME:    _READACC/IMU_FUNCTIONS
    CALLER1: ?C_C51STARTUP
    CALLER2: ISR_IMU_INTERRUPT/ISR_IMU
*** WARNING L15: MULTIPLE CALL TO FUNCTION
    NAME:    _READGYRO/IMU_FUNCTIONS
    CALLER1: ?C_C51STARTUP
    CALLER2: ISR_IMU_INTERRUPT/ISR_IMU
*** WARNING L15: MULTIPLE CALL TO FUNCTION
    NAME:    _READMAG/IMU_FUNCTIONS
    CALLER1: ?C_C51STARTUP
    CALLER2: ISR_IMU_INTERRUPT/ISR_IMU
*** WARNING L15: MULTIPLE CALL TO FUNCTION
    NAME:    _READTEMP/IMU_FUNCTIONS
    CALLER1: ?C_C51STARTUP
    CALLER2: ISR_IMU_INTERRUPT/ISR_IMU
*** WARNING L25: DATA TYPES DIFFERENT
    SYMBOL:  readAllIMUs
    MODULE:  .\DP8051_Keil_951\Release\interruptions.obj (INTERRUPTIONS)
   DEFINED:  .\DP8051_Keil_951\Release\IMU_functions.obj (IMU_FUNCTIONS)
Program Size: data=35.6 xdata=4411 const=735 code=20764
OHx51.exe firmware.omf HEXFILE(firmware.ihx)
c8051-elf-omf2elf.exe firmware.omf firmware.elf
cysymboladdressfinder.exe -f .\DP8051_Keil_951\Release\firmware.elf -s STARTUP1 -p .\DP8051_Keil_951\Release\entryaddress.txt -l FF0000
cyhextool -o .\DP8051_Keil_951\Release\firmware.cyacd -f .\DP8051_Keil_951\Release\firmware.ihx -flsLine 256 -arraySize 65536 -id 1E093069 -rev 3 -ecc .\Generated_Source\PSoC3\config.hex -metaRow 0 -blver 000000000000000000000000000000000000 -chksumEcc -blChkType 0 -endian b -a EEPROM=90200000:800,PROGRAM=00000000:10000,CONFIG=80000000:2000,PROTECT=90400000:40 -acd -acdStart 2600 -e .\DP8051_Keil_951\Release\entryaddress.txt
cyhextool -o .\DP8051_Keil_951\Release\firmware.hex -flsLine 256 -arraySize 65536 -bl ..\Bootloader\bootloader.hex -blver 000000000000000000000000000000000000 -chksumEcc -blChkType 0 -endian b -prot .\Generated_Source\PSoC3\protect.hex -id 1E093069 -a EEPROM=90200000:800,PROGRAM=00000000:10000,CONFIG=80000000:2000,PROTECT=90400000:40 -meta 0301 -cunv 0800C007 -wonv BC90ACAF -ecc .\Generated_Source\PSoC3\config.hex -ld .\DP8051_Keil_951\Release\firmware.ihx=2600:D9BF -acdStart 2600 -e .\DP8051_Keil_951\Release\entryaddress.txt
Flash used: 31488 of 65536 bytes (48.0%). Bootloader: 9728 bytes. Application: 21504 bytes. Metadata: 256 bytes.
SRAM used: 4411 of 8192 bytes (53.8%).
--------------- Build Succeeded: 01/24/2017 11:05:20 ---------------
