C51 COMPILER V9.51   SPI_IMU                                                               06/15/2017 09:48:49 PAGE 1   


C51 COMPILER V9.51, COMPILATION OF MODULE SPI_IMU
OBJECT MODULE PLACED IN .\DP8051_Keil_951\Release\SPI_IMU.obj
COMPILER INVOKED BY: C:\Program Files (x86)\Cypress\PSoC Creator\3.3\PSoC Creator\import\keil\pk51\9.51\C51\BIN\c51.exe 
                    -.\Generated_Source\PSoC3\SPI_IMU.c NOIV LARGE MODDP2 OMF2 VB(1) NOIP INCDIR(.,Generated_Source\PSoC3) FF(3) DB DF(NDEBUG
                    -) WL(2) PR(.\DP8051_Keil_951\Release/SPI_IMU.lst) CD OT(11,SPEED) OJ(.\DP8051_Keil_951\Release\SPI_IMU.obj)

line level    source

*** MESSAGE C286 IN LINE 0 OF (null): license limits optimization to level 5
   1          /*******************************************************************************
   2          * File Name: SPI_IMU.c
   3          * Version 2.50
   4          *
   5          * Description:
   6          *  This file provides all API functionality of the SPI Master component.
   7          *
   8          * Note:
   9          *  None.
  10          *
  11          ********************************************************************************
  12          * Copyright 2008-2015, Cypress Semiconductor Corporation.  All rights reserved.
  13          * You may use this file only in accordance with the license, terms, conditions,
  14          * disclaimers, and limitations in the end user license agreement accompanying
  15          * the software package with which this file was provided.
  16          *******************************************************************************/
  17          
  18          #include "SPI_IMU_PVT.h"
  19          
  20          #if(SPI_IMU_TX_SOFTWARE_BUF_ENABLED)
                  volatile uint8 SPI_IMU_txBuffer[SPI_IMU_TX_BUFFER_SIZE];
                  volatile uint8 SPI_IMU_txBufferFull;
                  volatile uint8 SPI_IMU_txBufferRead;
                  volatile uint8 SPI_IMU_txBufferWrite;
              #endif /* (SPI_IMU_TX_SOFTWARE_BUF_ENABLED) */
  26          
  27          #if(SPI_IMU_RX_SOFTWARE_BUF_ENABLED)
                  volatile uint8 SPI_IMU_rxBuffer[SPI_IMU_RX_BUFFER_SIZE];
                  volatile uint8 SPI_IMU_rxBufferFull;
                  volatile uint8 SPI_IMU_rxBufferRead;
                  volatile uint8 SPI_IMU_rxBufferWrite;
              #endif /* (SPI_IMU_RX_SOFTWARE_BUF_ENABLED) */
  33          
  34          uint8 SPI_IMU_initVar = 0u;
  35          
  36          volatile uint8 SPI_IMU_swStatusTx;
  37          volatile uint8 SPI_IMU_swStatusRx;
  38          
  39          
  40          /*******************************************************************************
  41          * Function Name: SPI_IMU_Init
  42          ********************************************************************************
  43          *
  44          * Summary:
  45          *  Inits/Restores default SPIM configuration provided with customizer.
  46          *
  47          * Parameters:
  48          *  None.
  49          *
  50          * Return:
  51          *  None.
  52          *
C51 COMPILER V9.51   SPI_IMU                                                               06/15/2017 09:48:49 PAGE 2   

  53          * Side Effects:
  54          *  When this function is called it initializes all of the necessary parameters
  55          *  for execution. i.e. setting the initial interrupt mask, configuring the
  56          *  interrupt service routine, configuring the bit-counter parameters and
  57          *  clearing the FIFO and Status Register.
  58          *
  59          * Reentrant:
  60          *  No.
  61          *
  62          *******************************************************************************/
  63          void SPI_IMU_Init(void) 
  64          {
  65   1          /* Initialize the Bit counter */
  66   1          SPI_IMU_COUNTER_PERIOD_REG = SPI_IMU_BITCTR_INIT;
  67   1      
  68   1          /* Init TX ISR  */
  69   1          #if(0u != SPI_IMU_INTERNAL_TX_INT_ENABLED)
                      CyIntDisable         (SPI_IMU_TX_ISR_NUMBER);
                      CyIntSetPriority     (SPI_IMU_TX_ISR_NUMBER,  SPI_IMU_TX_ISR_PRIORITY);
                      (void) CyIntSetVector(SPI_IMU_TX_ISR_NUMBER, &SPI_IMU_TX_ISR);
                  #endif /* (0u != SPI_IMU_INTERNAL_TX_INT_ENABLED) */
  74   1      
  75   1          /* Init RX ISR  */
  76   1          #if(0u != SPI_IMU_INTERNAL_RX_INT_ENABLED)
                      CyIntDisable         (SPI_IMU_RX_ISR_NUMBER);
                      CyIntSetPriority     (SPI_IMU_RX_ISR_NUMBER,  SPI_IMU_RX_ISR_PRIORITY);
                      (void) CyIntSetVector(SPI_IMU_RX_ISR_NUMBER, &SPI_IMU_RX_ISR);
                  #endif /* (0u != SPI_IMU_INTERNAL_RX_INT_ENABLED) */
  81   1      
  82   1          /* Clear any stray data from the RX and TX FIFO */
  83   1          SPI_IMU_ClearFIFO();
  84   1      
  85   1          #if(SPI_IMU_RX_SOFTWARE_BUF_ENABLED)
                      SPI_IMU_rxBufferFull  = 0u;
                      SPI_IMU_rxBufferRead  = 0u;
                      SPI_IMU_rxBufferWrite = 0u;
                  #endif /* (SPI_IMU_RX_SOFTWARE_BUF_ENABLED) */
  90   1      
  91   1          #if(SPI_IMU_TX_SOFTWARE_BUF_ENABLED)
                      SPI_IMU_txBufferFull  = 0u;
                      SPI_IMU_txBufferRead  = 0u;
                      SPI_IMU_txBufferWrite = 0u;
                  #endif /* (SPI_IMU_TX_SOFTWARE_BUF_ENABLED) */
  96   1      
  97   1          (void) SPI_IMU_ReadTxStatus(); /* Clear Tx status and swStatusTx */
  98   1          (void) SPI_IMU_ReadRxStatus(); /* Clear Rx status and swStatusRx */
  99   1      
 100   1          /* Configure TX and RX interrupt mask */
 101   1          SPI_IMU_TX_STATUS_MASK_REG = SPI_IMU_TX_INIT_INTERRUPTS_MASK;
 102   1          SPI_IMU_RX_STATUS_MASK_REG = SPI_IMU_RX_INIT_INTERRUPTS_MASK;
 103   1      }
 104          
 105          
 106          /*******************************************************************************
 107          * Function Name: SPI_IMU_Enable
 108          ********************************************************************************
 109          *
 110          * Summary:
 111          *  Enable SPIM component.
 112          *
 113          * Parameters:
 114          *  None.
C51 COMPILER V9.51   SPI_IMU                                                               06/15/2017 09:48:49 PAGE 3   

 115          *
 116          * Return:
 117          *  None.
 118          *
 119          *******************************************************************************/
 120          void SPI_IMU_Enable(void) 
 121          {
 122   1          uint8 enableInterrupts;
 123   1      
 124   1          enableInterrupts = CyEnterCriticalSection();
 125   1          SPI_IMU_COUNTER_CONTROL_REG |= SPI_IMU_CNTR_ENABLE;
 126   1          SPI_IMU_TX_STATUS_ACTL_REG  |= SPI_IMU_INT_ENABLE;
 127   1          SPI_IMU_RX_STATUS_ACTL_REG  |= SPI_IMU_INT_ENABLE;
 128   1          CyExitCriticalSection(enableInterrupts);
 129   1      
 130   1          #if(0u != SPI_IMU_INTERNAL_CLOCK)
 131   1              SPI_IMU_IntClock_Enable();
 132   1          #endif /* (0u != SPI_IMU_INTERNAL_CLOCK) */
 133   1      
 134   1          SPI_IMU_EnableTxInt();
 135   1          SPI_IMU_EnableRxInt();
 136   1      }
 137          
 138          
 139          /*******************************************************************************
 140          * Function Name: SPI_IMU_Start
 141          ********************************************************************************
 142          *
 143          * Summary:
 144          *  Initialize and Enable the SPI Master component.
 145          *
 146          * Parameters:
 147          *  None.
 148          *
 149          * Return:
 150          *  None.
 151          *
 152          * Global variables:
 153          *  SPI_IMU_initVar - used to check initial configuration, modified on
 154          *  first function call.
 155          *
 156          * Theory:
 157          *  Enable the clock input to enable operation.
 158          *
 159          * Reentrant:
 160          *  No.
 161          *
 162          *******************************************************************************/
 163          void SPI_IMU_Start(void) 
 164          {
 165   1          if(0u == SPI_IMU_initVar)
 166   1          {
 167   2              SPI_IMU_Init();
 168   2              SPI_IMU_initVar = 1u;
 169   2          }
 170   1      
 171   1          SPI_IMU_Enable();
 172   1      }
 173          
 174          
 175          /*******************************************************************************
 176          * Function Name: SPI_IMU_Stop
C51 COMPILER V9.51   SPI_IMU                                                               06/15/2017 09:48:49 PAGE 4   

 177          ********************************************************************************
 178          *
 179          * Summary:
 180          *  Disable the SPI Master component.
 181          *
 182          * Parameters:
 183          *  None.
 184          *
 185          * Return:
 186          *  None.
 187          *
 188          * Theory:
 189          *  Disable the clock input to enable operation.
 190          *
 191          *******************************************************************************/
 192          void SPI_IMU_Stop(void) 
 193          {
 194   1          uint8 enableInterrupts;
 195   1      
 196   1          enableInterrupts = CyEnterCriticalSection();
 197   1          SPI_IMU_TX_STATUS_ACTL_REG &= ((uint8) ~SPI_IMU_INT_ENABLE);
 198   1          SPI_IMU_RX_STATUS_ACTL_REG &= ((uint8) ~SPI_IMU_INT_ENABLE);
 199   1          CyExitCriticalSection(enableInterrupts);
 200   1      
 201   1          #if(0u != SPI_IMU_INTERNAL_CLOCK)
 202   1              SPI_IMU_IntClock_Disable();
 203   1          #endif /* (0u != SPI_IMU_INTERNAL_CLOCK) */
 204   1      
 205   1          SPI_IMU_DisableTxInt();
 206   1          SPI_IMU_DisableRxInt();
 207   1      }
 208          
 209          
 210          /*******************************************************************************
 211          * Function Name: SPI_IMU_EnableTxInt
 212          ********************************************************************************
 213          *
 214          * Summary:
 215          *  Enable internal Tx interrupt generation.
 216          *
 217          * Parameters:
 218          *  None.
 219          *
 220          * Return:
 221          *  None.
 222          *
 223          * Theory:
 224          *  Enable the internal Tx interrupt output -or- the interrupt component itself.
 225          *
 226          *******************************************************************************/
 227          void SPI_IMU_EnableTxInt(void) 
 228          {
 229   1          #if(0u != SPI_IMU_INTERNAL_TX_INT_ENABLED)
                      CyIntEnable(SPI_IMU_TX_ISR_NUMBER);
                  #endif /* (0u != SPI_IMU_INTERNAL_TX_INT_ENABLED) */
 232   1      }
 233          
 234          
 235          /*******************************************************************************
 236          * Function Name: SPI_IMU_EnableRxInt
 237          ********************************************************************************
 238          *
C51 COMPILER V9.51   SPI_IMU                                                               06/15/2017 09:48:49 PAGE 5   

 239          * Summary:
 240          *  Enable internal Rx interrupt generation.
 241          *
 242          * Parameters:
 243          *  None.
 244          *
 245          * Return:
 246          *  None.
 247          *
 248          * Theory:
 249          *  Enable the internal Rx interrupt output -or- the interrupt component itself.
 250          *
 251          *******************************************************************************/
 252          void SPI_IMU_EnableRxInt(void) 
 253          {
 254   1          #if(0u != SPI_IMU_INTERNAL_RX_INT_ENABLED)
                      CyIntEnable(SPI_IMU_RX_ISR_NUMBER);
                  #endif /* (0u != SPI_IMU_INTERNAL_RX_INT_ENABLED) */
 257   1      }
 258          
 259          
 260          /*******************************************************************************
 261          * Function Name: SPI_IMU_DisableTxInt
 262          ********************************************************************************
 263          *
 264          * Summary:
 265          *  Disable internal Tx interrupt generation.
 266          *
 267          * Parameters:
 268          *  None.
 269          *
 270          * Return:
 271          *  None.
 272          *
 273          * Theory:
 274          *  Disable the internal Tx interrupt output -or- the interrupt component itself.
 275          *
 276          *******************************************************************************/
 277          void SPI_IMU_DisableTxInt(void) 
 278          {
 279   1          #if(0u != SPI_IMU_INTERNAL_TX_INT_ENABLED)
                      CyIntDisable(SPI_IMU_TX_ISR_NUMBER);
                  #endif /* (0u != SPI_IMU_INTERNAL_TX_INT_ENABLED) */
 282   1      }
 283          
 284          
 285          /*******************************************************************************
 286          * Function Name: SPI_IMU_DisableRxInt
 287          ********************************************************************************
 288          *
 289          * Summary:
 290          *  Disable internal Rx interrupt generation.
 291          *
 292          * Parameters:
 293          *  None.
 294          *
 295          * Return:
 296          *  None.
 297          *
 298          * Theory:
 299          *  Disable the internal Rx interrupt output -or- the interrupt component itself.
 300          *
C51 COMPILER V9.51   SPI_IMU                                                               06/15/2017 09:48:49 PAGE 6   

 301          *******************************************************************************/
 302          void SPI_IMU_DisableRxInt(void) 
 303          {
 304   1          #if(0u != SPI_IMU_INTERNAL_RX_INT_ENABLED)
                      CyIntDisable(SPI_IMU_RX_ISR_NUMBER);
                  #endif /* (0u != SPI_IMU_INTERNAL_RX_INT_ENABLED) */
 307   1      }
 308          
 309          
 310          /*******************************************************************************
 311          * Function Name: SPI_IMU_SetTxInterruptMode
 312          ********************************************************************************
 313          *
 314          * Summary:
 315          *  Configure which status bits trigger an interrupt event.
 316          *
 317          * Parameters:
 318          *  intSrc: An or'd combination of the desired status bit masks (defined in the
 319          *  header file).
 320          *
 321          * Return:
 322          *  None.
 323          *
 324          * Theory:
 325          *  Enables the output of specific status bits to the interrupt controller.
 326          *
 327          *******************************************************************************/
 328          void SPI_IMU_SetTxInterruptMode(uint8 intSrc) 
 329          {
 330   1          SPI_IMU_TX_STATUS_MASK_REG = intSrc;
 331   1      }
 332          
 333          
 334          /*******************************************************************************
 335          * Function Name: SPI_IMU_SetRxInterruptMode
 336          ********************************************************************************
 337          *
 338          * Summary:
 339          *  Configure which status bits trigger an interrupt event.
 340          *
 341          * Parameters:
 342          *  intSrc: An or'd combination of the desired status bit masks (defined in the
 343          *  header file).
 344          *
 345          * Return:
 346          *  None.
 347          *
 348          * Theory:
 349          *  Enables the output of specific status bits to the interrupt controller.
 350          *
 351          *******************************************************************************/
 352          void SPI_IMU_SetRxInterruptMode(uint8 intSrc) 
 353          {
 354   1          SPI_IMU_RX_STATUS_MASK_REG  = intSrc;
 355   1      }
 356          
 357          
 358          /*******************************************************************************
 359          * Function Name: SPI_IMU_ReadTxStatus
 360          ********************************************************************************
 361          *
 362          * Summary:
C51 COMPILER V9.51   SPI_IMU                                                               06/15/2017 09:48:49 PAGE 7   

 363          *  Read the Tx status register for the component.
 364          *
 365          * Parameters:
 366          *  None.
 367          *
 368          * Return:
 369          *  Contents of the Tx status register.
 370          *
 371          * Global variables:
 372          *  SPI_IMU_swStatusTx - used to store in software status register,
 373          *  modified every function call - resets to zero.
 374          *
 375          * Theory:
 376          *  Allows the user and the API to read the Tx status register for error
 377          *  detection and flow control.
 378          *
 379          * Side Effects:
 380          *  Clear Tx status register of the component.
 381          *
 382          * Reentrant:
 383          *  No.
 384          *
 385          *******************************************************************************/
 386          uint8 SPI_IMU_ReadTxStatus(void) 
 387          {
 388   1          uint8 tmpStatus;
 389   1      
 390   1          #if(SPI_IMU_TX_SOFTWARE_BUF_ENABLED)
                      /* Disable TX interrupt to protect global veriables */
                      SPI_IMU_DisableTxInt();
              
                      tmpStatus = SPI_IMU_GET_STATUS_TX(SPI_IMU_swStatusTx);
                      SPI_IMU_swStatusTx = 0u;
              
                      SPI_IMU_EnableTxInt();
              
                  #else
 400   1      
 401   1              tmpStatus = SPI_IMU_TX_STATUS_REG;
 402   1      
 403   1          #endif /* (SPI_IMU_TX_SOFTWARE_BUF_ENABLED) */
 404   1      
 405   1          return(tmpStatus);
 406   1      }
 407          
 408          
 409          /*******************************************************************************
 410          * Function Name: SPI_IMU_ReadRxStatus
 411          ********************************************************************************
 412          *
 413          * Summary:
 414          *  Read the Rx status register for the component.
 415          *
 416          * Parameters:
 417          *  None.
 418          *
 419          * Return:
 420          *  Contents of the Rx status register.
 421          *
 422          * Global variables:
 423          *  SPI_IMU_swStatusRx - used to store in software Rx status register,
 424          *  modified every function call - resets to zero.
C51 COMPILER V9.51   SPI_IMU                                                               06/15/2017 09:48:49 PAGE 8   

 425          *
 426          * Theory:
 427          *  Allows the user and the API to read the Rx status register for error
 428          *  detection and flow control.
 429          *
 430          * Side Effects:
 431          *  Clear Rx status register of the component.
 432          *
 433          * Reentrant:
 434          *  No.
 435          *
 436          *******************************************************************************/
 437          uint8 SPI_IMU_ReadRxStatus(void) 
 438          {
 439   1          uint8 tmpStatus;
 440   1      
 441   1          #if(SPI_IMU_RX_SOFTWARE_BUF_ENABLED)
                      /* Disable RX interrupt to protect global veriables */
                      SPI_IMU_DisableRxInt();
              
                      tmpStatus = SPI_IMU_GET_STATUS_RX(SPI_IMU_swStatusRx);
                      SPI_IMU_swStatusRx = 0u;
              
                      SPI_IMU_EnableRxInt();
              
                  #else
 451   1      
 452   1              tmpStatus = SPI_IMU_RX_STATUS_REG;
 453   1      
 454   1          #endif /* (SPI_IMU_RX_SOFTWARE_BUF_ENABLED) */
 455   1      
 456   1          return(tmpStatus);
 457   1      }
 458          
 459          
 460          /*******************************************************************************
 461          * Function Name: SPI_IMU_WriteTxData
 462          ********************************************************************************
 463          *
 464          * Summary:
 465          *  Write a byte of data to be sent across the SPI.
 466          *
 467          * Parameters:
 468          *  txDataByte: The data value to send across the SPI.
 469          *
 470          * Return:
 471          *  None.
 472          *
 473          * Global variables:
 474          *  SPI_IMU_txBufferWrite - used for the account of the bytes which
 475          *  have been written down in the TX software buffer, modified every function
 476          *  call if TX Software Buffer is used.
 477          *  SPI_IMU_txBufferRead - used for the account of the bytes which
 478          *  have been read from the TX software buffer.
 479          *  SPI_IMU_txBuffer[SPI_IMU_TX_BUFFER_SIZE] - used to store
 480          *  data to sending, modified every function call if TX Software Buffer is used.
 481          *
 482          * Theory:
 483          *  Allows the user to transmit any byte of data in a single transfer.
 484          *
 485          * Side Effects:
 486          *  If this function is called again before the previous byte is finished then
C51 COMPILER V9.51   SPI_IMU                                                               06/15/2017 09:48:49 PAGE 9   

 487          *  the next byte will be appended to the transfer with no time between
 488          *  the byte transfers. Clear Tx status register of the component.
 489          *
 490          * Reentrant:
 491          *  No.
 492          *
 493          *******************************************************************************/
 494          void SPI_IMU_WriteTxData(uint8 txData) 
 495          {
 496   1          #if(SPI_IMU_TX_SOFTWARE_BUF_ENABLED)
              
                      uint8 tempStatus;
                      uint8 tmpTxBufferRead;
              
                      /* Block if TX buffer is FULL: don't overwrite */
                      do
                      {
                          tmpTxBufferRead = SPI_IMU_txBufferRead;
                          if(0u == tmpTxBufferRead)
                          {
                              tmpTxBufferRead = (SPI_IMU_TX_BUFFER_SIZE - 1u);
                          }
                          else
                          {
                              tmpTxBufferRead--;
                          }
              
                      }while(tmpTxBufferRead == SPI_IMU_txBufferWrite);
              
                      /* Disable TX interrupt to protect global veriables */
                      SPI_IMU_DisableTxInt();
              
                      tempStatus = SPI_IMU_GET_STATUS_TX(SPI_IMU_swStatusTx);
                      SPI_IMU_swStatusTx = tempStatus;
              
              
                      if((SPI_IMU_txBufferRead == SPI_IMU_txBufferWrite) &&
                         (0u != (SPI_IMU_swStatusTx & SPI_IMU_STS_TX_FIFO_NOT_FULL)))
                      {
                          /* Put data element into the TX FIFO */
                          CY_SET_REG8(SPI_IMU_TXDATA_PTR, txData);
                      }
                      else
                      {
                          /* Add to the TX software buffer */
                          SPI_IMU_txBufferWrite++;
                          if(SPI_IMU_txBufferWrite >= SPI_IMU_TX_BUFFER_SIZE)
                          {
                              SPI_IMU_txBufferWrite = 0u;
                          }
              
                          if(SPI_IMU_txBufferWrite == SPI_IMU_txBufferRead)
                          {
                              SPI_IMU_txBufferRead++;
                              if(SPI_IMU_txBufferRead >= SPI_IMU_TX_BUFFER_SIZE)
                              {
                                  SPI_IMU_txBufferRead = 0u;
                              }
                              SPI_IMU_txBufferFull = 1u;
                          }
              
                          SPI_IMU_txBuffer[SPI_IMU_txBufferWrite] = txData;
C51 COMPILER V9.51   SPI_IMU                                                               06/15/2017 09:48:49 PAGE 10  

              
                          SPI_IMU_TX_STATUS_MASK_REG |= SPI_IMU_STS_TX_FIFO_NOT_FULL;
                      }
              
                      SPI_IMU_EnableTxInt();
              
                  #else
 556   1              /* Wait until TX FIFO has a place */
 557   1              while(0u == (SPI_IMU_TX_STATUS_REG & SPI_IMU_STS_TX_FIFO_NOT_FULL))
 558   1              {
 559   2              }
 560   1      
 561   1              /* Put data element into the TX FIFO */
 562   1              CY_SET_REG8(SPI_IMU_TXDATA_PTR, txData);
 563   1      
 564   1          #endif /* (SPI_IMU_TX_SOFTWARE_BUF_ENABLED) */
 565   1      }
 566          
 567          
 568          /*******************************************************************************
 569          * Function Name: SPI_IMU_ReadRxData
 570          ********************************************************************************
 571          *
 572          * Summary:
 573          *  Read the next byte of data received across the SPI.
 574          *
 575          * Parameters:
 576          *  None.
 577          *
 578          * Return:
 579          *  The next byte of data read from the FIFO.
 580          *
 581          * Global variables:
 582          *  SPI_IMU_rxBufferWrite - used for the account of the bytes which
 583          *  have been written down in the RX software buffer.
 584          *  SPI_IMU_rxBufferRead - used for the account of the bytes which
 585          *  have been read from the RX software buffer, modified every function
 586          *  call if RX Software Buffer is used.
 587          *  SPI_IMU_rxBuffer[SPI_IMU_RX_BUFFER_SIZE] - used to store
 588          *  received data.
 589          *
 590          * Theory:
 591          *  Allows the user to read a byte of data received.
 592          *
 593          * Side Effects:
 594          *  Will return invalid data if the FIFO is empty. The user should Call
 595          *  GetRxBufferSize() and if it returns a non-zero value then it is safe to call
 596          *  ReadByte() function.
 597          *
 598          * Reentrant:
 599          *  No.
 600          *
 601          *******************************************************************************/
 602          uint8 SPI_IMU_ReadRxData(void) 
 603          {
 604   1          uint8 rxData;
 605   1      
 606   1          #if(SPI_IMU_RX_SOFTWARE_BUF_ENABLED)
              
                      /* Disable RX interrupt to protect global veriables */
                      SPI_IMU_DisableRxInt();
              
C51 COMPILER V9.51   SPI_IMU                                                               06/15/2017 09:48:49 PAGE 11  

                      if(SPI_IMU_rxBufferRead != SPI_IMU_rxBufferWrite)
                      {
                          if(0u == SPI_IMU_rxBufferFull)
                          {
                              SPI_IMU_rxBufferRead++;
                              if(SPI_IMU_rxBufferRead >= SPI_IMU_RX_BUFFER_SIZE)
                              {
                                  SPI_IMU_rxBufferRead = 0u;
                              }
                          }
                          else
                          {
                              SPI_IMU_rxBufferFull = 0u;
                          }
                      }
              
                      rxData = SPI_IMU_rxBuffer[SPI_IMU_rxBufferRead];
              
                      SPI_IMU_EnableRxInt();
              
                  #else
 632   1      
 633   1              rxData = CY_GET_REG8(SPI_IMU_RXDATA_PTR);
 634   1      
 635   1          #endif /* (SPI_IMU_RX_SOFTWARE_BUF_ENABLED) */
 636   1      
 637   1          return(rxData);
 638   1      }
 639          
 640          
 641          /*******************************************************************************
 642          * Function Name: SPI_IMU_GetRxBufferSize
 643          ********************************************************************************
 644          *
 645          * Summary:
 646          *  Returns the number of bytes/words of data currently held in the RX buffer.
 647          *  If RX Software Buffer not used then function return 0 if FIFO empty or 1 if
 648          *  FIFO not empty. In another case function return size of RX Software Buffer.
 649          *
 650          * Parameters:
 651          *  None.
 652          *
 653          * Return:
 654          *  Integer count of the number of bytes/words in the RX buffer.
 655          *
 656          * Global variables:
 657          *  SPI_IMU_rxBufferWrite - used for the account of the bytes which
 658          *  have been written down in the RX software buffer.
 659          *  SPI_IMU_rxBufferRead - used for the account of the bytes which
 660          *  have been read from the RX software buffer.
 661          *
 662          * Side Effects:
 663          *  Clear status register of the component.
 664          *
 665          *******************************************************************************/
 666          uint8 SPI_IMU_GetRxBufferSize(void) 
 667          {
 668   1          uint8 size;
 669   1      
 670   1          #if(SPI_IMU_RX_SOFTWARE_BUF_ENABLED)
              
                      /* Disable RX interrupt to protect global veriables */
C51 COMPILER V9.51   SPI_IMU                                                               06/15/2017 09:48:49 PAGE 12  

                      SPI_IMU_DisableRxInt();
              
                      if(SPI_IMU_rxBufferRead == SPI_IMU_rxBufferWrite)
                      {
                          size = 0u;
                      }
                      else if(SPI_IMU_rxBufferRead < SPI_IMU_rxBufferWrite)
                      {
                          size = (SPI_IMU_rxBufferWrite - SPI_IMU_rxBufferRead);
                      }
                      else
                      {
                          size = (SPI_IMU_RX_BUFFER_SIZE - SPI_IMU_rxBufferRead) + SPI_IMU_rxBufferWrite;
                      }
              
                      SPI_IMU_EnableRxInt();
              
                  #else
 691   1      
 692   1              /* We can only know if there is data in the RX FIFO */
 693   1              size = (0u != (SPI_IMU_RX_STATUS_REG & SPI_IMU_STS_RX_FIFO_NOT_EMPTY)) ? 1u : 0u;
 694   1      
 695   1          #endif /* (SPI_IMU_TX_SOFTWARE_BUF_ENABLED) */
 696   1      
 697   1          return(size);
 698   1      }
 699          
 700          
 701          /*******************************************************************************
 702          * Function Name: SPI_IMU_GetTxBufferSize
 703          ********************************************************************************
 704          *
 705          * Summary:
 706          *  Returns the number of bytes/words of data currently held in the TX buffer.
 707          *  If TX Software Buffer not used then function return 0 - if FIFO empty, 1 - if
 708          *  FIFO not full, 4 - if FIFO full. In another case function return size of TX
 709          *  Software Buffer.
 710          *
 711          * Parameters:
 712          *  None.
 713          *
 714          * Return:
 715          *  Integer count of the number of bytes/words in the TX buffer.
 716          *
 717          * Global variables:
 718          *  SPI_IMU_txBufferWrite - used for the account of the bytes which
 719          *  have been written down in the TX software buffer.
 720          *  SPI_IMU_txBufferRead - used for the account of the bytes which
 721          *  have been read from the TX software buffer.
 722          *
 723          * Side Effects:
 724          *  Clear status register of the component.
 725          *
 726          *******************************************************************************/
 727          uint8  SPI_IMU_GetTxBufferSize(void) 
 728          {
 729   1          uint8 size;
 730   1      
 731   1          #if(SPI_IMU_TX_SOFTWARE_BUF_ENABLED)
                      /* Disable TX interrupt to protect global veriables */
                      SPI_IMU_DisableTxInt();
              
C51 COMPILER V9.51   SPI_IMU                                                               06/15/2017 09:48:49 PAGE 13  

                      if(SPI_IMU_txBufferRead == SPI_IMU_txBufferWrite)
                      {
                          size = 0u;
                      }
                      else if(SPI_IMU_txBufferRead < SPI_IMU_txBufferWrite)
                      {
                          size = (SPI_IMU_txBufferWrite - SPI_IMU_txBufferRead);
                      }
                      else
                      {
                          size = (SPI_IMU_TX_BUFFER_SIZE - SPI_IMU_txBufferRead) + SPI_IMU_txBufferWrite;
                      }
              
                      SPI_IMU_EnableTxInt();
              
                  #else
 751   1      
 752   1              size = SPI_IMU_TX_STATUS_REG;
 753   1      
 754   1              if(0u != (size & SPI_IMU_STS_TX_FIFO_EMPTY))
 755   1              {
 756   2                  size = 0u;
 757   2              }
 758   1              else if(0u != (size & SPI_IMU_STS_TX_FIFO_NOT_FULL))
 759   1              {
 760   2                  size = 1u;
 761   2              }
 762   1              else
 763   1              {
 764   2                  size = SPI_IMU_FIFO_SIZE;
 765   2              }
 766   1      
 767   1          #endif /* (SPI_IMU_TX_SOFTWARE_BUF_ENABLED) */
 768   1      
 769   1          return(size);
 770   1      }
 771          
 772          
 773          /*******************************************************************************
 774          * Function Name: SPI_IMU_ClearRxBuffer
 775          ********************************************************************************
 776          *
 777          * Summary:
 778          *  Clear the RX RAM buffer by setting the read and write pointers both to zero.
 779          *
 780          * Parameters:
 781          *  None.
 782          *
 783          * Return:
 784          *  None.
 785          *
 786          * Global variables:
 787          *  SPI_IMU_rxBufferWrite - used for the account of the bytes which
 788          *  have been written down in the RX software buffer, modified every function
 789          *  call - resets to zero.
 790          *  SPI_IMU_rxBufferRead - used for the account of the bytes which
 791          *  have been read from the RX software buffer, modified every function call -
 792          *  resets to zero.
 793          *
 794          * Theory:
 795          *  Setting the pointers to zero makes the system believe there is no data to
 796          *  read and writing will resume at address 0 overwriting any data that may have
C51 COMPILER V9.51   SPI_IMU                                                               06/15/2017 09:48:49 PAGE 14  

 797          *  remained in the RAM.
 798          *
 799          * Side Effects:
 800          *  Any received data not read from the RAM buffer will be lost when overwritten.
 801          *
 802          * Reentrant:
 803          *  No.
 804          *
 805          *******************************************************************************/
 806          void SPI_IMU_ClearRxBuffer(void) 
 807          {
 808   1          /* Clear Hardware RX FIFO */
 809   1          while(0u !=(SPI_IMU_RX_STATUS_REG & SPI_IMU_STS_RX_FIFO_NOT_EMPTY))
 810   1          {
 811   2              (void) CY_GET_REG8(SPI_IMU_RXDATA_PTR);
 812   2          }
 813   1      
 814   1          #if(SPI_IMU_RX_SOFTWARE_BUF_ENABLED)
                      /* Disable RX interrupt to protect global veriables */
                      SPI_IMU_DisableRxInt();
              
                      SPI_IMU_rxBufferFull  = 0u;
                      SPI_IMU_rxBufferRead  = 0u;
                      SPI_IMU_rxBufferWrite = 0u;
              
                      SPI_IMU_EnableRxInt();
                  #endif /* (SPI_IMU_RX_SOFTWARE_BUF_ENABLED) */
 824   1      }
 825          
 826          
 827          /*******************************************************************************
 828          * Function Name: SPI_IMU_ClearTxBuffer
 829          ********************************************************************************
 830          *
 831          * Summary:
 832          *  Clear the TX RAM buffer by setting the read and write pointers both to zero.
 833          *
 834          * Parameters:
 835          *  None.
 836          *
 837          * Return:
 838          *  None.
 839          *
 840          * Global variables:
 841          *  SPI_IMU_txBufferWrite - used for the account of the bytes which
 842          *  have been written down in the TX software buffer, modified every function
 843          *  call - resets to zero.
 844          *  SPI_IMU_txBufferRead - used for the account of the bytes which
 845          *  have been read from the TX software buffer, modified every function call -
 846          *  resets to zero.
 847          *
 848          * Theory:
 849          *  Setting the pointers to zero makes the system believe there is no data to
 850          *  read and writing will resume at address 0 overwriting any data that may have
 851          *  remained in the RAM.
 852          *
 853          * Side Effects:
 854          *  Any data not yet transmitted from the RAM buffer will be lost when
 855          *  overwritten.
 856          *
 857          * Reentrant:
 858          *  No.
C51 COMPILER V9.51   SPI_IMU                                                               06/15/2017 09:48:49 PAGE 15  

 859          *
 860          *******************************************************************************/
 861          void SPI_IMU_ClearTxBuffer(void) 
 862          {
 863   1          uint8 enableInterrupts;
 864   1      
 865   1          enableInterrupts = CyEnterCriticalSection();
 866   1          /* Clear TX FIFO */
 867   1          SPI_IMU_AUX_CONTROL_DP0_REG |= ((uint8)  SPI_IMU_TX_FIFO_CLR);
 868   1          SPI_IMU_AUX_CONTROL_DP0_REG &= ((uint8) ~SPI_IMU_TX_FIFO_CLR);
 869   1      
 870   1          #if(SPI_IMU_USE_SECOND_DATAPATH)
                      /* Clear TX FIFO for 2nd Datapath */
                      SPI_IMU_AUX_CONTROL_DP1_REG |= ((uint8)  SPI_IMU_TX_FIFO_CLR);
                      SPI_IMU_AUX_CONTROL_DP1_REG &= ((uint8) ~SPI_IMU_TX_FIFO_CLR);
                  #endif /* (SPI_IMU_USE_SECOND_DATAPATH) */
 875   1          CyExitCriticalSection(enableInterrupts);
 876   1      
 877   1          #if(SPI_IMU_TX_SOFTWARE_BUF_ENABLED)
                      /* Disable TX interrupt to protect global veriables */
                      SPI_IMU_DisableTxInt();
              
                      SPI_IMU_txBufferFull  = 0u;
                      SPI_IMU_txBufferRead  = 0u;
                      SPI_IMU_txBufferWrite = 0u;
              
                      /* Buffer is EMPTY: disable TX FIFO NOT FULL interrupt */
                      SPI_IMU_TX_STATUS_MASK_REG &= ((uint8) ~SPI_IMU_STS_TX_FIFO_NOT_FULL);
              
                      SPI_IMU_EnableTxInt();
                  #endif /* (SPI_IMU_TX_SOFTWARE_BUF_ENABLED) */
 890   1      }
 891          
 892          
 893          #if(0u != SPI_IMU_BIDIRECTIONAL_MODE)
                  /*******************************************************************************
                  * Function Name: SPI_IMU_TxEnable
                  ********************************************************************************
                  *
                  * Summary:
                  *  If the SPI master is configured to use a single bi-directional pin then this
                  *  will set the bi-directional pin to transmit.
                  *
                  * Parameters:
                  *  None.
                  *
                  * Return:
                  *  None.
                  *
                  *******************************************************************************/
                  void SPI_IMU_TxEnable(void) 
                  {
                      SPI_IMU_CONTROL_REG |= SPI_IMU_CTRL_TX_SIGNAL_EN;
                  }
              
              
                  /*******************************************************************************
                  * Function Name: SPI_IMU_TxDisable
                  ********************************************************************************
                  *
                  * Summary:
                  *  If the SPI master is configured to use a single bi-directional pin then this
C51 COMPILER V9.51   SPI_IMU                                                               06/15/2017 09:48:49 PAGE 16  

                  *  will set the bi-directional pin to receive.
                  *
                  * Parameters:
                  *  None.
                  *
                  * Return:
                  *  None.
                  *
                  *******************************************************************************/
                  void SPI_IMU_TxDisable(void) 
                  {
                      SPI_IMU_CONTROL_REG &= ((uint8) ~SPI_IMU_CTRL_TX_SIGNAL_EN);
                  }
              
              #endif /* (0u != SPI_IMU_BIDIRECTIONAL_MODE) */
 936          
 937          
 938          /*******************************************************************************
 939          * Function Name: SPI_IMU_PutArray
 940          ********************************************************************************
 941          *
 942          * Summary:
 943          *  Write available data from ROM/RAM to the TX buffer while space is available
 944          *  in the TX buffer. Keep trying until all data is passed to the TX buffer.
 945          *
 946          * Parameters:
 947          *  *buffer: Pointer to the location in RAM containing the data to send
 948          *  byteCount: The number of bytes to move to the transmit buffer.
 949          *
 950          * Return:
 951          *  None.
 952          *
 953          * Side Effects:
 954          *  Will stay in this routine until all data has been sent.  May get locked in
 955          *  this loop if data is not being initiated by the master if there is not
 956          *  enough room in the TX FIFO.
 957          *
 958          * Reentrant:
 959          *  No.
 960          *
 961          *******************************************************************************/
 962          void SPI_IMU_PutArray(const uint8 buffer[], uint8 byteCount)
 963                                                                                    
 964          {
 965   1          uint8 bufIndex;
 966   1      
 967   1          bufIndex = 0u;
 968   1      
 969   1          while(byteCount > 0u)
 970   1          {
 971   2              SPI_IMU_WriteTxData(buffer[bufIndex]);
 972   2              bufIndex++;
 973   2              byteCount--;
 974   2          }
 975   1      }
 976          
 977          
 978          /*******************************************************************************
 979          * Function Name: SPI_IMU_ClearFIFO
 980          ********************************************************************************
 981          *
 982          * Summary:
C51 COMPILER V9.51   SPI_IMU                                                               06/15/2017 09:48:49 PAGE 17  

 983          *  Clear the RX and TX FIFO's of all data for a fresh start.
 984          *
 985          * Parameters:
 986          *  None.
 987          *
 988          * Return:
 989          *  None.
 990          *
 991          * Side Effects:
 992          *  Clear status register of the component.
 993          *
 994          *******************************************************************************/
 995          void SPI_IMU_ClearFIFO(void) 
 996          {
 997   1          uint8 enableInterrupts;
 998   1      
 999   1          /* Clear Hardware RX FIFO */
1000   1          while(0u !=(SPI_IMU_RX_STATUS_REG & SPI_IMU_STS_RX_FIFO_NOT_EMPTY))
1001   1          {
1002   2              (void) CY_GET_REG8(SPI_IMU_RXDATA_PTR);
1003   2          }
1004   1      
1005   1          enableInterrupts = CyEnterCriticalSection();
1006   1          /* Clear TX FIFO */
1007   1          SPI_IMU_AUX_CONTROL_DP0_REG |= ((uint8)  SPI_IMU_TX_FIFO_CLR);
1008   1          SPI_IMU_AUX_CONTROL_DP0_REG &= ((uint8) ~SPI_IMU_TX_FIFO_CLR);
1009   1      
1010   1          #if(SPI_IMU_USE_SECOND_DATAPATH)
                      /* Clear TX FIFO for 2nd Datapath */
                      SPI_IMU_AUX_CONTROL_DP1_REG |= ((uint8)  SPI_IMU_TX_FIFO_CLR);
                      SPI_IMU_AUX_CONTROL_DP1_REG &= ((uint8) ~SPI_IMU_TX_FIFO_CLR);
                  #endif /* (SPI_IMU_USE_SECOND_DATAPATH) */
1015   1          CyExitCriticalSection(enableInterrupts);
1016   1      }
1017          
1018          
1019          /* Following functions are for version Compatibility, they are obsolete.
1020          *  Please do not use it in new projects.
1021          */
1022          
1023          
1024          /*******************************************************************************
1025          * Function Name: SPI_IMU_EnableInt
1026          ********************************************************************************
1027          *
1028          * Summary:
1029          *  Enable internal interrupt generation.
1030          *
1031          * Parameters:
1032          *  None.
1033          *
1034          * Return:
1035          *  None.
1036          *
1037          * Theory:
1038          *  Enable the internal interrupt output -or- the interrupt component itself.
1039          *
1040          *******************************************************************************/
1041          void SPI_IMU_EnableInt(void) 
1042          {
1043   1          SPI_IMU_EnableRxInt();
1044   1          SPI_IMU_EnableTxInt();
C51 COMPILER V9.51   SPI_IMU                                                               06/15/2017 09:48:49 PAGE 18  

1045   1      }
1046          
1047          
1048          /*******************************************************************************
1049          * Function Name: SPI_IMU_DisableInt
1050          ********************************************************************************
1051          *
1052          * Summary:
1053          *  Disable internal interrupt generation.
1054          *
1055          * Parameters:
1056          *  None.
1057          *
1058          * Return:
1059          *  None.
1060          *
1061          * Theory:
1062          *  Disable the internal interrupt output -or- the interrupt component itself.
1063          *
1064          *******************************************************************************/
1065          void SPI_IMU_DisableInt(void) 
1066          {
1067   1          SPI_IMU_DisableTxInt();
1068   1          SPI_IMU_DisableRxInt();
1069   1      }
1070          
1071          
1072          /*******************************************************************************
1073          * Function Name: SPI_IMU_SetInterruptMode
1074          ********************************************************************************
1075          *
1076          * Summary:
1077          *  Configure which status bits trigger an interrupt event.
1078          *
1079          * Parameters:
1080          *  intSrc: An or'd combination of the desired status bit masks (defined in the
1081          *  header file).
1082          *
1083          * Return:
1084          *  None.
1085          *
1086          * Theory:
1087          *  Enables the output of specific status bits to the interrupt controller.
1088          *
1089          *******************************************************************************/
1090          void SPI_IMU_SetInterruptMode(uint8 intSrc) 
1091          {
1092   1          SPI_IMU_TX_STATUS_MASK_REG  = (intSrc & ((uint8) ~SPI_IMU_STS_SPI_IDLE));
1093   1          SPI_IMU_RX_STATUS_MASK_REG  =  intSrc;
1094   1      }
1095          
1096          
1097          /*******************************************************************************
1098          * Function Name: SPI_IMU_ReadStatus
1099          ********************************************************************************
1100          *
1101          * Summary:
1102          *  Read the status register for the component.
1103          *
1104          * Parameters:
1105          *  None.
1106          *
C51 COMPILER V9.51   SPI_IMU                                                               06/15/2017 09:48:49 PAGE 19  

1107          * Return:
1108          *  Contents of the status register.
1109          *
1110          * Global variables:
1111          *  SPI_IMU_swStatus - used to store in software status register,
1112          *  modified every function call - resets to zero.
1113          *
1114          * Theory:
1115          *  Allows the user and the API to read the status register for error detection
1116          *  and flow control.
1117          *
1118          * Side Effects:
1119          *  Clear status register of the component.
1120          *
1121          * Reentrant:
1122          *  No.
1123          *
1124          *******************************************************************************/
1125          uint8 SPI_IMU_ReadStatus(void) 
1126          {
1127   1          uint8 tmpStatus;
1128   1      
1129   1          #if(SPI_IMU_TX_SOFTWARE_BUF_ENABLED || SPI_IMU_RX_SOFTWARE_BUF_ENABLED)
              
                      SPI_IMU_DisableInt();
              
                      tmpStatus  = SPI_IMU_GET_STATUS_RX(SPI_IMU_swStatusRx);
                      tmpStatus |= SPI_IMU_GET_STATUS_TX(SPI_IMU_swStatusTx);
                      tmpStatus &= ((uint8) ~SPI_IMU_STS_SPI_IDLE);
              
                      SPI_IMU_swStatusTx = 0u;
                      SPI_IMU_swStatusRx = 0u;
              
                      SPI_IMU_EnableInt();
              
                  #else
1143   1      
1144   1              tmpStatus  = SPI_IMU_RX_STATUS_REG;
1145   1              tmpStatus |= SPI_IMU_TX_STATUS_REG;
1146   1              tmpStatus &= ((uint8) ~SPI_IMU_STS_SPI_IDLE);
1147   1      
1148   1          #endif /* (SPI_IMU_TX_SOFTWARE_BUF_ENABLED || SPI_IMU_RX_SOFTWARE_BUF_ENABLED) */
1149   1      
1150   1          return(tmpStatus);
1151   1      }
1152          
1153          
1154          /* [] END OF FILE */
C51 COMPILER V9.51   SPI_IMU                                                               06/15/2017 09:48:49 PAGE 20  

ASSEMBLY LISTING OF GENERATED OBJECT CODE


             ; FUNCTION SPI_IMU_Init (BEGIN)
                                           ; SOURCE LINE # 63
                                           ; SOURCE LINE # 64
                                           ; SOURCE LINE # 66
0000 906587            MOV     DPTR,#06587H
0003 740F              MOV     A,#0FH
0005 F0                MOVX    @DPTR,A
                                           ; SOURCE LINE # 83
0006 120000      R     LCALL   SPI_IMU_ClearFIFO
                                           ; SOURCE LINE # 97
0009 120000      R     LCALL   SPI_IMU_ReadTxStatus
                                           ; SOURCE LINE # 98
000C 120000      R     LCALL   SPI_IMU_ReadRxStatus
                                           ; SOURCE LINE # 101
000F 90648C            MOV     DPTR,#0648CH
0012 E4                CLR     A
0013 F0                MOVX    @DPTR,A
                                           ; SOURCE LINE # 102
0014 906584            MOV     DPTR,#06584H
0017 F0                MOVX    @DPTR,A
                                           ; SOURCE LINE # 103
0018 22                RET     
             ; FUNCTION SPI_IMU_Init (END)

             ; FUNCTION SPI_IMU_Enable (BEGIN)
                                           ; SOURCE LINE # 120
                                           ; SOURCE LINE # 121
                                           ; SOURCE LINE # 124
0000 120000      E     LCALL   CyEnterCriticalSection
;---- Variable 'enableInterrupts' assigned to Register 'R7' ----
                                           ; SOURCE LINE # 125
0003 906597            MOV     DPTR,#06597H
0006 E0                MOVX    A,@DPTR
0007 4420              ORL     A,#020H
0009 F0                MOVX    @DPTR,A
                                           ; SOURCE LINE # 126
000A 90649C            MOV     DPTR,#0649CH
000D E0                MOVX    A,@DPTR
000E 4410              ORL     A,#010H
0010 F0                MOVX    @DPTR,A
                                           ; SOURCE LINE # 127
0011 906594            MOV     DPTR,#06594H
0014 E0                MOVX    A,@DPTR
0015 4410              ORL     A,#010H
0017 F0                MOVX    @DPTR,A
                                           ; SOURCE LINE # 128
0018 120000      E     LCALL   _CyExitCriticalSection
                                           ; SOURCE LINE # 131
001B 120000      E     LCALL   SPI_IMU_IntClock_Start
                                           ; SOURCE LINE # 134
001E 120000      R     LCALL   SPI_IMU_EnableTxInt
                                           ; SOURCE LINE # 135
0021 120000      R     LCALL   SPI_IMU_EnableRxInt
                                           ; SOURCE LINE # 136
0024 22                RET     
             ; FUNCTION SPI_IMU_Enable (END)

             ; FUNCTION SPI_IMU_Start (BEGIN)
                                           ; SOURCE LINE # 163
C51 COMPILER V9.51   SPI_IMU                                                               06/15/2017 09:48:49 PAGE 21  

                                           ; SOURCE LINE # 164
                                           ; SOURCE LINE # 165
0000 900000      R     MOV     DPTR,#SPI_IMU_initVar
0003 E0                MOVX    A,@DPTR
0004 7009              JNZ     ?C0003
                                           ; SOURCE LINE # 166
                                           ; SOURCE LINE # 167
0006 120000      R     LCALL   SPI_IMU_Init
                                           ; SOURCE LINE # 168
0009 900000      R     MOV     DPTR,#SPI_IMU_initVar
000C 7401              MOV     A,#01H
000E F0                MOVX    @DPTR,A
                                           ; SOURCE LINE # 169
000F         ?C0003:
                                           ; SOURCE LINE # 171
000F 120000      R     LCALL   SPI_IMU_Enable
                                           ; SOURCE LINE # 172
0012 22                RET     
             ; FUNCTION SPI_IMU_Start (END)

             ; FUNCTION SPI_IMU_Stop (BEGIN)
                                           ; SOURCE LINE # 192
                                           ; SOURCE LINE # 193
                                           ; SOURCE LINE # 196
0000 120000      E     LCALL   CyEnterCriticalSection
;---- Variable 'enableInterrupts' assigned to Register 'R7' ----
                                           ; SOURCE LINE # 197
0003 90649C            MOV     DPTR,#0649CH
0006 E0                MOVX    A,@DPTR
0007 54EF              ANL     A,#0EFH
0009 F0                MOVX    @DPTR,A
                                           ; SOURCE LINE # 198
000A 906594            MOV     DPTR,#06594H
000D E0                MOVX    A,@DPTR
000E 54EF              ANL     A,#0EFH
0010 F0                MOVX    @DPTR,A
                                           ; SOURCE LINE # 199
0011 120000      E     LCALL   _CyExitCriticalSection
                                           ; SOURCE LINE # 202
0014 120000      E     LCALL   SPI_IMU_IntClock_Stop
                                           ; SOURCE LINE # 205
0017 120000      R     LCALL   SPI_IMU_DisableTxInt
                                           ; SOURCE LINE # 206
001A 120000      R     LCALL   SPI_IMU_DisableRxInt
                                           ; SOURCE LINE # 207
001D 22                RET     
             ; FUNCTION SPI_IMU_Stop (END)

             ; FUNCTION SPI_IMU_EnableTxInt (BEGIN)
                                           ; SOURCE LINE # 227
                                           ; SOURCE LINE # 228
                                           ; SOURCE LINE # 232
0000 22                RET     
             ; FUNCTION SPI_IMU_EnableTxInt (END)

             ; FUNCTION SPI_IMU_EnableRxInt (BEGIN)
                                           ; SOURCE LINE # 252
                                           ; SOURCE LINE # 253
                                           ; SOURCE LINE # 257
0000 22                RET     
             ; FUNCTION SPI_IMU_EnableRxInt (END)

C51 COMPILER V9.51   SPI_IMU                                                               06/15/2017 09:48:49 PAGE 22  

             ; FUNCTION SPI_IMU_DisableTxInt (BEGIN)
                                           ; SOURCE LINE # 277
                                           ; SOURCE LINE # 278
                                           ; SOURCE LINE # 282
0000 22                RET     
             ; FUNCTION SPI_IMU_DisableTxInt (END)

             ; FUNCTION SPI_IMU_DisableRxInt (BEGIN)
                                           ; SOURCE LINE # 302
                                           ; SOURCE LINE # 303
                                           ; SOURCE LINE # 307
0000 22                RET     
             ; FUNCTION SPI_IMU_DisableRxInt (END)

             ; FUNCTION _SPI_IMU_SetTxInterruptMode (BEGIN)
                                           ; SOURCE LINE # 328
;---- Variable 'intSrc' assigned to Register 'R7' ----
                                           ; SOURCE LINE # 329
                                           ; SOURCE LINE # 330
0000 90648C            MOV     DPTR,#0648CH
0003 EF                MOV     A,R7
0004 F0                MOVX    @DPTR,A
                                           ; SOURCE LINE # 331
0005 22                RET     
             ; FUNCTION _SPI_IMU_SetTxInterruptMode (END)

             ; FUNCTION _SPI_IMU_SetRxInterruptMode (BEGIN)
                                           ; SOURCE LINE # 352
;---- Variable 'intSrc' assigned to Register 'R7' ----
                                           ; SOURCE LINE # 353
                                           ; SOURCE LINE # 354
0000 906584            MOV     DPTR,#06584H
0003 EF                MOV     A,R7
0004 F0                MOVX    @DPTR,A
                                           ; SOURCE LINE # 355
0005 22                RET     
             ; FUNCTION _SPI_IMU_SetRxInterruptMode (END)

             ; FUNCTION SPI_IMU_ReadTxStatus (BEGIN)
                                           ; SOURCE LINE # 386
                                           ; SOURCE LINE # 387
                                           ; SOURCE LINE # 401
0000 90646C            MOV     DPTR,#0646CH
0003 E0                MOVX    A,@DPTR
0004 FF                MOV     R7,A
;---- Variable 'tmpStatus' assigned to Register 'R7' ----
                                           ; SOURCE LINE # 405
                                           ; SOURCE LINE # 406
0005         ?C0012:
0005 22                RET     
             ; FUNCTION SPI_IMU_ReadTxStatus (END)

             ; FUNCTION SPI_IMU_ReadRxStatus (BEGIN)
                                           ; SOURCE LINE # 437
                                           ; SOURCE LINE # 438
                                           ; SOURCE LINE # 452
0000 906564            MOV     DPTR,#06564H
0003 E0                MOVX    A,@DPTR
0004 FF                MOV     R7,A
;---- Variable 'tmpStatus' assigned to Register 'R7' ----
                                           ; SOURCE LINE # 456
                                           ; SOURCE LINE # 457
C51 COMPILER V9.51   SPI_IMU                                                               06/15/2017 09:48:49 PAGE 23  

0005         ?C0013:
0005 22                RET     
             ; FUNCTION SPI_IMU_ReadRxStatus (END)

             ; FUNCTION _SPI_IMU_WriteTxData (BEGIN)
                                           ; SOURCE LINE # 494
;---- Variable 'txData' assigned to Register 'R7' ----
                                           ; SOURCE LINE # 495
0000         ?C0014:
                                           ; SOURCE LINE # 557
0000 90646C            MOV     DPTR,#0646CH
0003 E0                MOVX    A,@DPTR
0004 30E2F9            JNB     ACC.2,?C0014
                                           ; SOURCE LINE # 558
                                           ; SOURCE LINE # 559
0007         ?C0015:
                                           ; SOURCE LINE # 562
0007 906447            MOV     DPTR,#06447H
000A EF                MOV     A,R7
000B F0                MOVX    @DPTR,A
                                           ; SOURCE LINE # 565
000C 22                RET     
             ; FUNCTION _SPI_IMU_WriteTxData (END)

             ; FUNCTION SPI_IMU_ReadRxData (BEGIN)
                                           ; SOURCE LINE # 602
                                           ; SOURCE LINE # 603
                                           ; SOURCE LINE # 633
0000 906457            MOV     DPTR,#06457H
0003 E0                MOVX    A,@DPTR
0004 FF                MOV     R7,A
;---- Variable 'rxData' assigned to Register 'R7' ----
                                           ; SOURCE LINE # 637
                                           ; SOURCE LINE # 638
0005         ?C0017:
0005 22                RET     
             ; FUNCTION SPI_IMU_ReadRxData (END)

             ; FUNCTION SPI_IMU_GetRxBufferSize (BEGIN)
                                           ; SOURCE LINE # 666
                                           ; SOURCE LINE # 667
                                           ; SOURCE LINE # 693
0000 906564            MOV     DPTR,#06564H
0003 E0                MOVX    A,@DPTR
0004 30E504            JNB     ACC.5,?C0018
0007 7F01              MOV     R7,#01H
0009 8002              SJMP    ?C0019
000B         ?C0018:
000B 7F00              MOV     R7,#00H
000D         ?C0019:
;---- Variable 'size' assigned to Register 'R7' ----
                                           ; SOURCE LINE # 697
                                           ; SOURCE LINE # 698
000D         ?C0020:
000D 22                RET     
             ; FUNCTION SPI_IMU_GetRxBufferSize (END)

             ; FUNCTION SPI_IMU_GetTxBufferSize (BEGIN)
                                           ; SOURCE LINE # 727
                                           ; SOURCE LINE # 728
                                           ; SOURCE LINE # 752
0000 90646C            MOV     DPTR,#0646CH
C51 COMPILER V9.51   SPI_IMU                                                               06/15/2017 09:48:49 PAGE 24  

0003 E0                MOVX    A,@DPTR
0004 FF                MOV     R7,A
;---- Variable 'size' assigned to Register 'R7' ----
                                           ; SOURCE LINE # 754
0005 30E104            JNB     ACC.1,?C0021
                                           ; SOURCE LINE # 755
                                           ; SOURCE LINE # 756
0008 E4                CLR     A
0009 FF                MOV     R7,A
                                           ; SOURCE LINE # 757
000A 800A              SJMP    ?C0022
000C         ?C0021:
                                           ; SOURCE LINE # 758
000C EF                MOV     A,R7
000D 30E204            JNB     ACC.2,?C0023
                                           ; SOURCE LINE # 759
                                           ; SOURCE LINE # 760
0010 7F01              MOV     R7,#01H
                                           ; SOURCE LINE # 761
0012 8002              SJMP    ?C0022
0014         ?C0023:
                                           ; SOURCE LINE # 763
                                           ; SOURCE LINE # 764
0014 7F04              MOV     R7,#04H
                                           ; SOURCE LINE # 765
0016         ?C0022:
                                           ; SOURCE LINE # 769
                                           ; SOURCE LINE # 770
0016         ?C0025:
0016 22                RET     
             ; FUNCTION SPI_IMU_GetTxBufferSize (END)

             ; FUNCTION SPI_IMU_ClearRxBuffer (BEGIN)
                                           ; SOURCE LINE # 806
                                           ; SOURCE LINE # 807
0000         ?C0026:
                                           ; SOURCE LINE # 809
0000 906564            MOV     DPTR,#06564H
0003 E0                MOVX    A,@DPTR
0004 30E507            JNB     ACC.5,?C0028
                                           ; SOURCE LINE # 810
                                           ; SOURCE LINE # 811
0007 906457            MOV     DPTR,#06457H
000A E0                MOVX    A,@DPTR
000B FF                MOV     R7,A
                                           ; SOURCE LINE # 812
000C 80F2              SJMP    ?C0026
                                           ; SOURCE LINE # 824
000E         ?C0028:
000E 22                RET     
             ; FUNCTION SPI_IMU_ClearRxBuffer (END)

             ; FUNCTION SPI_IMU_ClearTxBuffer (BEGIN)
                                           ; SOURCE LINE # 861
                                           ; SOURCE LINE # 862
                                           ; SOURCE LINE # 865
0000 120000      E     LCALL   CyEnterCriticalSection
;---- Variable 'enableInterrupts' assigned to Register 'R7' ----
                                           ; SOURCE LINE # 867
0003 906497            MOV     DPTR,#06497H
0006 E0                MOVX    A,@DPTR
0007 4401              ORL     A,#01H
C51 COMPILER V9.51   SPI_IMU                                                               06/15/2017 09:48:49 PAGE 25  

0009 F0                MOVX    @DPTR,A
                                           ; SOURCE LINE # 868
000A E0                MOVX    A,@DPTR
000B 54FE              ANL     A,#0FEH
000D F0                MOVX    @DPTR,A
                                           ; SOURCE LINE # 875
000E 120000      E     LCALL   _CyExitCriticalSection
                                           ; SOURCE LINE # 890
0011 22                RET     
             ; FUNCTION SPI_IMU_ClearTxBuffer (END)

             ; FUNCTION _SPI_IMU_PutArray (BEGIN)
                                           ; SOURCE LINE # 962
0000 900000      R     MOV     DPTR,#buffer
0003 EB                MOV     A,R3
0004 F0                MOVX    @DPTR,A
0005 A3                INC     DPTR
0006 EA                MOV     A,R2
0007 F0                MOVX    @DPTR,A
0008 A3                INC     DPTR
0009 E9                MOV     A,R1
000A F0                MOVX    @DPTR,A
;---- Variable 'byteCount' assigned to Register 'R5' ----
                                           ; SOURCE LINE # 964
                                           ; SOURCE LINE # 967
;---- Variable 'bufIndex' assigned to Register 'R6' ----
000B E4                CLR     A
000C FE                MOV     R6,A
000D         ?C0030:
                                           ; SOURCE LINE # 969
000D ED                MOV     A,R5
000E D3                SETB    C
000F 9400              SUBB    A,#00H
0011 401A              JC      ?C0032
                                           ; SOURCE LINE # 970
                                           ; SOURCE LINE # 971
0013 900000      R     MOV     DPTR,#buffer
0016 E0                MOVX    A,@DPTR
0017 FB                MOV     R3,A
0018 A3                INC     DPTR
0019 E0                MOVX    A,@DPTR
001A FA                MOV     R2,A
001B A3                INC     DPTR
001C E0                MOVX    A,@DPTR
001D 2E                ADD     A,R6
001E F9                MOV     R1,A
001F E4                CLR     A
0020 3A                ADDC    A,R2
0021 FA                MOV     R2,A
0022 120000      E     LCALL   ?C?CLDPTR
0025 FF                MOV     R7,A
0026 120000      R     LCALL   _SPI_IMU_WriteTxData
                                           ; SOURCE LINE # 972
0029 0E                INC     R6
                                           ; SOURCE LINE # 973
002A 1D                DEC     R5
                                           ; SOURCE LINE # 974
002B 80E0              SJMP    ?C0030
                                           ; SOURCE LINE # 975
002D         ?C0032:
002D 22                RET     
             ; FUNCTION _SPI_IMU_PutArray (END)
C51 COMPILER V9.51   SPI_IMU                                                               06/15/2017 09:48:49 PAGE 26  


             ; FUNCTION SPI_IMU_ClearFIFO (BEGIN)
                                           ; SOURCE LINE # 995
                                           ; SOURCE LINE # 996
0000         ?C0033:
                                           ; SOURCE LINE # 1000
0000 906564            MOV     DPTR,#06564H
0003 E0                MOVX    A,@DPTR
0004 30E507            JNB     ACC.5,?C0034
                                           ; SOURCE LINE # 1001
                                           ; SOURCE LINE # 1002
0007 906457            MOV     DPTR,#06457H
000A E0                MOVX    A,@DPTR
000B FF                MOV     R7,A
                                           ; SOURCE LINE # 1003
000C 80F2              SJMP    ?C0033
000E         ?C0034:
                                           ; SOURCE LINE # 1005
000E 120000      E     LCALL   CyEnterCriticalSection
;---- Variable 'enableInterrupts' assigned to Register 'R7' ----
                                           ; SOURCE LINE # 1007
0011 906497            MOV     DPTR,#06497H
0014 E0                MOVX    A,@DPTR
0015 4401              ORL     A,#01H
0017 F0                MOVX    @DPTR,A
                                           ; SOURCE LINE # 1008
0018 E0                MOVX    A,@DPTR
0019 54FE              ANL     A,#0FEH
001B F0                MOVX    @DPTR,A
                                           ; SOURCE LINE # 1015
001C 120000      E     LCALL   _CyExitCriticalSection
                                           ; SOURCE LINE # 1016
001F 22                RET     
             ; FUNCTION SPI_IMU_ClearFIFO (END)

             ; FUNCTION SPI_IMU_EnableInt (BEGIN)
                                           ; SOURCE LINE # 1041
                                           ; SOURCE LINE # 1042
                                           ; SOURCE LINE # 1043
0000 120000      R     LCALL   SPI_IMU_EnableRxInt
                                           ; SOURCE LINE # 1044
0003 120000      R     LCALL   SPI_IMU_EnableTxInt
                                           ; SOURCE LINE # 1045
0006 22                RET     
             ; FUNCTION SPI_IMU_EnableInt (END)

             ; FUNCTION SPI_IMU_DisableInt (BEGIN)
                                           ; SOURCE LINE # 1065
                                           ; SOURCE LINE # 1066
                                           ; SOURCE LINE # 1067
0000 120000      R     LCALL   SPI_IMU_DisableTxInt
                                           ; SOURCE LINE # 1068
0003 120000      R     LCALL   SPI_IMU_DisableRxInt
                                           ; SOURCE LINE # 1069
0006 22                RET     
             ; FUNCTION SPI_IMU_DisableInt (END)

             ; FUNCTION _SPI_IMU_SetInterruptMode (BEGIN)
                                           ; SOURCE LINE # 1090
;---- Variable 'intSrc' assigned to Register 'R7' ----
                                           ; SOURCE LINE # 1091
                                           ; SOURCE LINE # 1092
C51 COMPILER V9.51   SPI_IMU                                                               06/15/2017 09:48:49 PAGE 27  

0000 EF                MOV     A,R7
0001 54EF              ANL     A,#0EFH
0003 90648C            MOV     DPTR,#0648CH
0006 F0                MOVX    @DPTR,A
                                           ; SOURCE LINE # 1093
0007 906584            MOV     DPTR,#06584H
000A EF                MOV     A,R7
000B F0                MOVX    @DPTR,A
                                           ; SOURCE LINE # 1094
000C 22                RET     
             ; FUNCTION _SPI_IMU_SetInterruptMode (END)

             ; FUNCTION SPI_IMU_ReadStatus (BEGIN)
                                           ; SOURCE LINE # 1125
                                           ; SOURCE LINE # 1126
                                           ; SOURCE LINE # 1144
0000 906564            MOV     DPTR,#06564H
0003 E0                MOVX    A,@DPTR
0004 FF                MOV     R7,A
;---- Variable 'tmpStatus' assigned to Register 'R7' ----
                                           ; SOURCE LINE # 1145
0005 90646C            MOV     DPTR,#0646CH
0008 E0                MOVX    A,@DPTR
0009 4F                ORL     A,R7
000A FF                MOV     R7,A
                                           ; SOURCE LINE # 1146
000B 54EF              ANL     A,#0EFH
000D FF                MOV     R7,A
                                           ; SOURCE LINE # 1150
                                           ; SOURCE LINE # 1151
000E         ?C0039:
000E 22                RET     
             ; FUNCTION SPI_IMU_ReadStatus (END)



MODULE INFORMATION:   STATIC OVERLAYABLE
   CODE SIZE        =    348    ----
   CONSTANT SIZE    =   ----    ----
   XDATA SIZE       =      3       3
   PDATA SIZE       =   ----    ----
   DATA SIZE        =   ----    ----
   IDATA SIZE       =   ----    ----
   BIT SIZE         =   ----    ----
   EDATA SIZE       =   ----    ----
   HDATA SIZE       =   ----    ----
   XDATA CONST SIZE =   ----    ----
   FAR CONST SIZE   =   ----    ----
END OF MODULE INFORMATION.


C51 COMPILATION COMPLETE.  0 WARNING(S),  0 ERROR(S)
