--------------- Build Started: 12/06/2016 09:16:36 Project: firmware, Configuration: DP8051 Keil 9.51 Release ---------------
cydsfit.exe -.appdatapath "C:\Users\MattiaCP\AppData\Local\Cypress Semiconductor\PSoC Creator\3.3" -.fdsnotice -.fdswarpdepfile=warp_dependencies.txt -.fdselabdepfile=elab_dependencies.txt -.fdsbldfile=generated_files.txt -p "C:\Users\MattiaCP\Desktop\FIRMWARES\IMU Board v 1.00\firmware.cydsn\firmware.cyprj" -d CY8C3246PVI-147 -s "C:\Users\MattiaCP\Desktop\FIRMWARES\IMU Board v 1.00\firmware.cydsn\Generated_Source\PSoC3" -- -yv2 -q10 -ygs -o2 -v3 -.fftcfgtype=BE
Elaborating Design...
HDL Generation ...
Synthesis ...
Place and Route ...
Tech mapping ...
Analog Placement ...
Analog Routing ...
Analog Code Generation ...
Digital Placement ...
Digital Routing ...
Bitstream Generation ...
Static timing analysis ...
API Generation ...
Dependency Generation ...
Clean Temporary Files ...
The compile step is up to date, no work needs to be done.
The link step is up to date, no work needs to be done.
--------------- Build Succeeded: 12/06/2016 09:16:49 ---------------
