#***************************************************************************

#sjplacer

#Version:            1.1

#Build Date:         Dec  5 2017 15:35:27

#File Generated:     Jan 31 2019 11:46:27

#Purpose:            

#Copyright (C) 2010-2011 by Softjin Technologies Pvt Ltd. All rights reserved.

#***************************************************************************

Executing : C:\Program Files (x86)\Cypress\PSoC Creator\4.2\PSoC Creator\bin/sjplacer.exe --proj-name firmware --netlist-vh2 firmware_p.vh2 --arch p35_udb4x6 --arch-file C:\Program Files (x86)\Cypress\PSoC Creator\4.2\PSoC Creator\dev\arch/udbdsi_4x6_24.cydata --ip-file C:\Program Files (x86)\Cypress\PSoC Creator\4.2\PSoC Creator\dev\psoc3/ip_blocks.cydata --rrg-file C:\Program Files (x86)\Cypress\PSoC Creator\4.2\PSoC Creator\dev\psoc3/route_arch-rrg.cydata --irq-file C:\Program Files (x86)\Cypress\PSoC Creator\4.2\PSoC Creator\dev\psoc3/irqconn.cydata --drq-file C:\Program Files (x86)\Cypress\PSoC Creator\4.2\PSoC Creator\dev\psoc3/dmaconn.cydata --dsi-conn-file C:\Program Files (x86)\Cypress\PSoC Creator\4.2\PSoC Creator\dev\psoc3/dsiconn.cydata --pins-file pins_48-SSOP.xml --lib-file firmware_p.lib --sdc-file firmware.sdc --io-pcf firmware.pci --outdir .

		Softjin Techologies Placer, Version 1.1

Build Date : Dec  5 2017	15:33:41

D2004: Option and Settings Summary
=============================================================
Netlist vh2 file          - firmware_p.vh2
Architecture file         - C:\Program Files (x86)\Cypress\PSoC Creator\4.2\PSoC Creator\dev\arch/udbdsi_4x6_24.cydata
Package                   - 
Defparam file             - 
SDC file                  - firmware.sdc
Output directory          - .
Timing library            - firmware_p.lib
IO Placement file         - firmware.pci

D2050: Starting reading inputs for placer
=============================================================
D2065: Reading netlist file : "firmware_p.vh2"
D2065: Reading arch file : "C:\Program Files (x86)\Cypress\PSoC Creator\4.2\PSoC Creator\dev\arch/udbdsi_4x6_24.cydata"
D2051: Reading of inputs for placer completed successfully

D2053: Starting placement of the design
=============================================================

Phase 2
Phase 3

Design Statistics after Packing
    Number of Combinational MCs 	:	31
    Number of Sequential MCs    	:	36
    Number of DPs               	:	7
    Number of Controls          	:	9
    Number of Status            	:	7
    Number of SyncCells         	:	3
    Number of count7cells       	:	2

Device Utilization Summary after Packing
    Macrocells                  :	67/192
    UDBS                        :	14/24
    IOs                         :	28/72


D2088: Phase 3, elapsed time : 0.0 (sec)

Phase 4
D2088: Phase 4, elapsed time : 0.0 (sec)

Phase 5
D2088: Phase 5, elapsed time : 0.0 (sec)

Phase 6

######################################################################
Placement Timing Summary

The timing summary is based on estimated routing delays after
placement. For final timing report, please carry out the timing
analysis after routing.
======================================================================

######################################################################
                     Clock Summary 
======================================================================
Number of clocks: 14
Clock: ADC_Ext_CP_Clk       | Frequency: N/A       | Target:  48.0 MHz
Clock: ADC_Ext_CP_Clk(routed) | Frequency: N/A       | Target:  48.0 MHz
Clock: ADC_theACLK          | Frequency: N/A       | Target:   2.2 MHz
Clock: ADC_theACLK(fixed-function) | Frequency: N/A       | Target:   2.2 MHz
Clock: CLOCK_UART           | Frequency:  52.3 MHz | Target:  16.0 MHz
Clock: CyBUS_CLK            | Frequency:  55.3 MHz | Target:  48.0 MHz
Clock: CyBUS_CLK(fixed-function) | Frequency: N/A       | Target:  48.0 MHz
Clock: CyILO                | Frequency: N/A       | Target:   0.1 MHz
Clock: CyIMO                | Frequency: N/A       | Target:  24.0 MHz
Clock: CyMASTER_CLK         | Frequency: N/A       | Target:  48.0 MHz
Clock: CyPLL_OUT            | Frequency: N/A       | Target:  48.0 MHz
Clock: SPI_IMU_IntClock     | Frequency:  73.5 MHz | Target:   2.0 MHz
Clock: \ADC:DSM\/dec_clock  | Frequency: N/A       | Target:   0.1 MHz
Clock: timer_clock          | Frequency:  43.5 MHz | Target:   1.0 MHz

======================================================================
                     End of Clock Summary
######################################################################

D2088: Phase 6, elapsed time : 0.1 (sec)

Phase 7
######################################################################
                     Clock Summary 
======================================================================
Number of clocks: 14
Clock: ADC_Ext_CP_Clk       | Frequency: N/A       | Target:  48.0 MHz
Clock: ADC_Ext_CP_Clk(routed) | Frequency: N/A       | Target:  48.0 MHz
Clock: ADC_theACLK          | Frequency: N/A       | Target:   2.2 MHz
Clock: ADC_theACLK(fixed-function) | Frequency: N/A       | Target:   2.2 MHz
Clock: CLOCK_UART           | Frequency:  52.3 MHz | Target:  16.0 MHz
Clock: CyBUS_CLK            | Frequency:  67.9 MHz | Target:  48.0 MHz
Clock: CyBUS_CLK(fixed-function) | Frequency: N/A       | Target:  48.0 MHz
Clock: CyILO                | Frequency: N/A       | Target:   0.1 MHz
Clock: CyIMO                | Frequency: N/A       | Target:  24.0 MHz
Clock: CyMASTER_CLK         | Frequency: N/A       | Target:  48.0 MHz
Clock: CyPLL_OUT            | Frequency: N/A       | Target:  48.0 MHz
Clock: SPI_IMU_IntClock     | Frequency:  48.9 MHz | Target:   2.0 MHz
Clock: \ADC:DSM\/dec_clock  | Frequency: N/A       | Target:   0.1 MHz
Clock: timer_clock          | Frequency:  43.5 MHz | Target:   1.0 MHz

======================================================================
                     End of Clock Summary
######################################################################
D2088: Phase 7, elapsed time : 1.0 (sec)

Final Design Statistics
    Number of Combinational MCs 	:	31
    Number of Sequential MCs    	:	36
    Number of DPs               	:	7
    Number of Controls          	:	9
    Number of Status            	:	7
    Number of SyncCells         	:	3
    Number of count7cells       	:	2
    Number of IOs       	:	28

Device Utilization Summary
    Macrocells                  :	67/192
    IOs                         :	28/72



######################################################################
Placement Timing Summary

The timing summary is based on estimated routing delays after
placement. For final timing report, please carry out the timing
analysis after routing.
======================================================================


######################################################################
                     Clock Summary 
======================================================================
Number of clocks: 14
Clock: ADC_Ext_CP_Clk       | Frequency: N/A       | Target:  48.0 MHz
Clock: ADC_Ext_CP_Clk(routed) | Frequency: N/A       | Target:  48.0 MHz
Clock: ADC_theACLK          | Frequency: N/A       | Target:   2.2 MHz
Clock: ADC_theACLK(fixed-function) | Frequency: N/A       | Target:   2.2 MHz
Clock: CLOCK_UART           | Frequency:   8.8 MHz | Target:  17.5 MHz
Clock: CyBUS_CLK            | Frequency:   8.8 MHz | Target:  52.6 MHz
Clock: CyBUS_CLK(fixed-function) | Frequency: N/A       | Target:  48.0 MHz
Clock: CyILO                | Frequency: N/A       | Target:   0.1 MHz
Clock: CyIMO                | Frequency: N/A       | Target:  24.0 MHz
Clock: CyMASTER_CLK         | Frequency: N/A       | Target:  48.0 MHz
Clock: CyPLL_OUT            | Frequency: N/A       | Target:  48.0 MHz
Clock: SPI_IMU_IntClock     | Frequency:  51.0 MHz | Target:   2.2 MHz
Clock: \ADC:DSM\/dec_clock  | Frequency: N/A       | Target:   0.1 MHz
Clock: timer_clock          | Frequency:  43.5 MHz | Target:   1.1 MHz

======================================================================
                     End of Clock Summary
######################################################################

Phase 8
D2088: Phase 8, elapsed time : 0.0 (sec)

D2054: Placement of the design completed successfully

I2076: Total run-time: 1.9 sec.

